<?xml version="1.0" encoding="UTF-8"?>
<!-- Generated by org.testng.reporters.JUnitXMLReporter -->
<testsuite hostname="PF0UVLM0" ignored="0" name="Chrome browser Test" tests="5" failures="0" timestamp="21 Jan 2020 00:08:33 GMT" time="174.686" errors="0">
  <testcase name="Marketingtab" time="86.05" classname="com.portal.ecps.ca.Testing"/>
  <testcase name="testingexercise" time="26.603" classname="com.portal.ecps.ca.Testing"/>
  <testcase name="menubuildertab" time="22.215" classname="com.portal.ecps.ca.Testing"/>
  <testcase name="Themedaystab" time="2.13" classname="com.portal.ecps.ca.Testing"/>
  <testcase name="Educationtab" time="10.568" classname="com.portal.ecps.ca.Testing"/>
</testsuite> <!-- Chrome browser Test -->
