<?xml version="1.0" encoding="UTF-8"?>
<!-- Generated by org.testng.reporters.JUnitXMLReporter -->
<testsuite hostname="PF0UVLM0" ignored="0" name="Edge browser Test" tests="5" failures="0" timestamp="21 Jan 2020 00:11:09 GMT" time="155.834" errors="0">
  <testcase name="Marketingtab" time="59.482" classname="com.portal.ecps.ca.Testing"/>
  <testcase name="testingexercise" time="29.12" classname="com.portal.ecps.ca.Testing"/>
  <testcase name="menubuildertab" time="18.652" classname="com.portal.ecps.ca.Testing"/>
  <testcase name="Themedaystab" time="1.974" classname="com.portal.ecps.ca.Testing"/>
  <testcase name="Educationtab" time="10.568" classname="com.portal.ecps.ca.Testing"/>
</testsuite> <!-- Edge browser Test -->
